<?xml version="1.0" encoding="UTF-8"?>
<!-- Generated by org.testng.reporters.JUnitXMLReporter -->
<testsuite ignored="2" hostname="IMLTW043" failures="0" tests="2" name="Test" time="10.393" errors="0" timestamp="2023-09-19T18:36:52 IST">
  <testcase classname="Sanity_suite.LoginToApp" name="signin_To_application" time="0.962"/>
  <testcase classname="Sanity_suite.Home_Page" name="verify_header" time="1.689"/>
  <testcase classname="com.GenericLibrary.BaseClass1" name="@AfterSuite tearDown" time="0.0">
    <ignored/>
  </testcase> <!-- @AfterSuite tearDown -->
  <testcase classname="com.GenericLibrary.BaseClass1" name="@BeforeSuite setUp" time="0.0">
    <ignored/>
  </testcase> <!-- @BeforeSuite setUp -->
</testsuite> <!-- Test -->
