<?xml version="1.0" encoding="UTF-8"?>
<testng-results ignored="0" total="2" passed="2" failed="0" skipped="0">
  <reporter-output>
  </reporter-output>
  <suite started-at="2023-09-19T18:36:41 IST" name="Suite" finished-at="2023-09-19T18:36:52 IST" duration-ms="10393">
    <groups>
    </groups>
    <test started-at="2023-09-19T18:36:41 IST" name="Test" finished-at="2023-09-19T18:36:52 IST" duration-ms="10393">
      <class name="Sanity_suite.Home_Page">
        <test-method is-config="true" signature="launchThebrowser()[pri:0, instance:Sanity_suite.Home_Page@45d84a20]" started-at="2023-09-19T18:36:47 IST" name="launchThebrowser" finished-at="2023-09-19T18:36:47 IST" duration-ms="1" status="PASS">
          <reporter-output>
          </reporter-output>
        </test-method> <!-- launchThebrowser -->
        <test-method is-config="true" signature="Login(org.testng.ITestResult)[pri:0, instance:Sanity_suite.Home_Page@45d84a20]" started-at="2023-09-19T18:36:47 IST" name="Login" finished-at="2023-09-19T18:36:50 IST" duration-ms="3079" status="PASS">
          <params>
            <param index="0">
              <value>
                <![CDATA[[TestResult name={null} status=CREATED method=Home_Page.verify_header()[pri:0, instance:Sanity_suite.Home_Page@45d84a20] output={null}]]]>
              </value>
            </param>
          </params>
          <reporter-output>
          </reporter-output>
        </test-method> <!-- Login -->
        <test-method signature="verify_header()[pri:0, instance:Sanity_suite.Home_Page@45d84a20]" started-at="2023-09-19T18:36:50 IST" name="verify_header" finished-at="2023-09-19T18:36:52 IST" duration-ms="1689" status="PASS">
          <reporter-output>
          </reporter-output>
        </test-method> <!-- verify_header -->
        <test-method is-config="true" signature="closethebrowser()[pri:0, instance:Sanity_suite.Home_Page@45d84a20]" started-at="2023-09-19T18:36:52 IST" name="closethebrowser" finished-at="2023-09-19T18:36:52 IST" duration-ms="1" status="PASS">
          <reporter-output>
          </reporter-output>
        </test-method> <!-- closethebrowser -->
        <test-method is-config="true" signature="close1()[pri:0, instance:Sanity_suite.Home_Page@45d84a20]" started-at="2023-09-19T18:36:52 IST" name="close1" finished-at="2023-09-19T18:36:52 IST" duration-ms="1" status="PASS">
          <reporter-output>
          </reporter-output>
        </test-method> <!-- close1 -->
      </class> <!-- Sanity_suite.Home_Page -->
      <class name="Sanity_suite.LoginToApp">
        <test-method is-config="true" signature="setUp(java.lang.String)[pri:0, instance:Sanity_suite.LoginToApp@433defed]" started-at="2023-09-19T18:36:41 IST" name="setUp" finished-at="2023-09-19T18:36:41 IST" duration-ms="225" status="PASS">
          <params>
            <param index="0">
              <value>
                <![CDATA[Smoke Test]]>
              </value>
            </param>
          </params>
          <reporter-output>
          </reporter-output>
        </test-method> <!-- setUp -->
        <test-method is-config="true" signature="launchThebrowser()[pri:0, instance:Sanity_suite.LoginToApp@433defed]" started-at="2023-09-19T18:36:41 IST" name="launchThebrowser" finished-at="2023-09-19T18:36:41 IST" duration-ms="1" status="PASS">
          <reporter-output>
          </reporter-output>
        </test-method> <!-- launchThebrowser -->
        <test-method is-config="true" signature="Login(org.testng.ITestResult)[pri:0, instance:Sanity_suite.LoginToApp@433defed]" started-at="2023-09-19T18:36:41 IST" name="Login" finished-at="2023-09-19T18:36:46 IST" duration-ms="4622" status="PASS">
          <params>
            <param index="0">
              <value>
                <![CDATA[[TestResult name={null} status=CREATED method=LoginToApp.signin_To_application()[pri:1, instance:Sanity_suite.LoginToApp@433defed] output={null}]]]>
              </value>
            </param>
          </params>
          <reporter-output>
          </reporter-output>
        </test-method> <!-- Login -->
        <test-method signature="signin_To_application()[pri:1, instance:Sanity_suite.LoginToApp@433defed]" started-at="2023-09-19T18:36:46 IST" name="signin_To_application" finished-at="2023-09-19T18:36:47 IST" duration-ms="962" status="PASS">
          <reporter-output>
          </reporter-output>
        </test-method> <!-- signin_To_application -->
        <test-method is-config="true" signature="closethebrowser()[pri:0, instance:Sanity_suite.LoginToApp@433defed]" started-at="2023-09-19T18:36:47 IST" name="closethebrowser" finished-at="2023-09-19T18:36:47 IST" duration-ms="1" status="PASS">
          <reporter-output>
          </reporter-output>
        </test-method> <!-- closethebrowser -->
        <test-method is-config="true" signature="close1()[pri:0, instance:Sanity_suite.LoginToApp@433defed]" started-at="2023-09-19T18:36:47 IST" name="close1" finished-at="2023-09-19T18:36:47 IST" duration-ms="0" status="PASS">
          <reporter-output>
          </reporter-output>
        </test-method> <!-- close1 -->
        <test-method is-config="true" signature="tearDown()[pri:0, instance:Sanity_suite.LoginToApp@433defed]" started-at="2023-09-19T18:36:52 IST" name="tearDown" finished-at="2023-09-19T18:36:52 IST" duration-ms="369" status="PASS">
          <reporter-output>
          </reporter-output>
        </test-method> <!-- tearDown -->
      </class> <!-- Sanity_suite.LoginToApp -->
    </test> <!-- Test -->
  </suite> <!-- Suite -->
</testng-results>
